<?xml version="1.0" encoding="UTF-8"?>
<testsuite xmlns:xsi="http://www.w3.org/2001/XMLSchema-instance" xsi:noNamespaceSchemaLocation="https://maven.apache.org/surefire/maven-surefire-plugin/xsd/surefire-test-report.xsd" name="com.learn.site.SiteApplicationTests" time="9.886" tests="1" errors="0" skipped="0" failures="0">
  <properties>
    <property name="sun.desktop" value="windows"/>
    <property name="awt.toolkit" value="sun.awt.windows.WToolkit"/>
    <property name="file.encoding.pkg" value="sun.io"/>
    <property name="java.specification.version" value="1.8"/>
    <property name="sun.cpu.isalist" value="amd64"/>
    <property name="sun.jnu.encoding" value="GBK"/>
    <property name="java.class.path" value="C:\code\test\site\target\test-classes;C:\code\test\site\target\classes;C:\development\apache-maven-3.6.3\maven-repo\org\springframework\boot\spring-boot-starter\2.4.4\spring-boot-starter-2.4.4.jar;C:\development\apache-maven-3.6.3\maven-repo\org\springframework\boot\spring-boot\2.4.4\spring-boot-2.4.4.jar;C:\development\apache-maven-3.6.3\maven-repo\org\springframework\spring-context\5.3.5\spring-context-5.3.5.jar;C:\development\apache-maven-3.6.3\maven-repo\org\springframework\boot\spring-boot-autoconfigure\2.4.4\spring-boot-autoconfigure-2.4.4.jar;C:\development\apache-maven-3.6.3\maven-repo\org\springframework\boot\spring-boot-starter-logging\2.4.4\spring-boot-starter-logging-2.4.4.jar;C:\development\apache-maven-3.6.3\maven-repo\ch\qos\logback\logback-classic\1.2.3\logback-classic-1.2.3.jar;C:\development\apache-maven-3.6.3\maven-repo\ch\qos\logback\logback-core\1.2.3\logback-core-1.2.3.jar;C:\development\apache-maven-3.6.3\maven-repo\org\apache\logging\log4j\log4j-to-slf4j\2.13.3\log4j-to-slf4j-2.13.3.jar;C:\development\apache-maven-3.6.3\maven-repo\org\apache\logging\log4j\log4j-api\2.13.3\log4j-api-2.13.3.jar;C:\development\apache-maven-3.6.3\maven-repo\org\slf4j\jul-to-slf4j\1.7.30\jul-to-slf4j-1.7.30.jar;C:\development\apache-maven-3.6.3\maven-repo\jakarta\annotation\jakarta.annotation-api\1.3.5\jakarta.annotation-api-1.3.5.jar;C:\development\apache-maven-3.6.3\maven-repo\org\springframework\spring-core\5.3.5\spring-core-5.3.5.jar;C:\development\apache-maven-3.6.3\maven-repo\org\springframework\spring-jcl\5.3.5\spring-jcl-5.3.5.jar;C:\development\apache-maven-3.6.3\maven-repo\org\yaml\snakeyaml\1.27\snakeyaml-1.27.jar;C:\development\apache-maven-3.6.3\maven-repo\org\projectlombok\lombok\1.18.18\lombok-1.18.18.jar;C:\development\apache-maven-3.6.3\maven-repo\org\mybatis\spring\boot\mybatis-spring-boot-starter\2.1.4\mybatis-spring-boot-starter-2.1.4.jar;C:\development\apache-maven-3.6.3\maven-repo\org\springframework\boot\spring-boot-starter-jdbc\2.4.4\spring-boot-starter-jdbc-2.4.4.jar;C:\development\apache-maven-3.6.3\maven-repo\com\zaxxer\HikariCP\3.4.5\HikariCP-3.4.5.jar;C:\development\apache-maven-3.6.3\maven-repo\org\springframework\spring-jdbc\5.3.5\spring-jdbc-5.3.5.jar;C:\development\apache-maven-3.6.3\maven-repo\org\springframework\spring-tx\5.3.5\spring-tx-5.3.5.jar;C:\development\apache-maven-3.6.3\maven-repo\org\mybatis\spring\boot\mybatis-spring-boot-autoconfigure\2.1.4\mybatis-spring-boot-autoconfigure-2.1.4.jar;C:\development\apache-maven-3.6.3\maven-repo\org\mybatis\mybatis\3.5.6\mybatis-3.5.6.jar;C:\development\apache-maven-3.6.3\maven-repo\org\mybatis\mybatis-spring\2.0.6\mybatis-spring-2.0.6.jar;C:\development\apache-maven-3.6.3\maven-repo\org\springframework\boot\spring-boot-starter-web\2.4.4\spring-boot-starter-web-2.4.4.jar;C:\development\apache-maven-3.6.3\maven-repo\org\springframework\boot\spring-boot-starter-json\2.4.4\spring-boot-starter-json-2.4.4.jar;C:\development\apache-maven-3.6.3\maven-repo\com\fasterxml\jackson\core\jackson-databind\2.11.4\jackson-databind-2.11.4.jar;C:\development\apache-maven-3.6.3\maven-repo\com\fasterxml\jackson\core\jackson-annotations\2.11.4\jackson-annotations-2.11.4.jar;C:\development\apache-maven-3.6.3\maven-repo\com\fasterxml\jackson\core\jackson-core\2.11.4\jackson-core-2.11.4.jar;C:\development\apache-maven-3.6.3\maven-repo\com\fasterxml\jackson\datatype\jackson-datatype-jdk8\2.11.4\jackson-datatype-jdk8-2.11.4.jar;C:\development\apache-maven-3.6.3\maven-repo\com\fasterxml\jackson\datatype\jackson-datatype-jsr310\2.11.4\jackson-datatype-jsr310-2.11.4.jar;C:\development\apache-maven-3.6.3\maven-repo\com\fasterxml\jackson\module\jackson-module-parameter-names\2.11.4\jackson-module-parameter-names-2.11.4.jar;C:\development\apache-maven-3.6.3\maven-repo\org\springframework\boot\spring-boot-starter-tomcat\2.4.4\spring-boot-starter-tomcat-2.4.4.jar;C:\development\apache-maven-3.6.3\maven-repo\org\apache\tomcat\embed\tomcat-embed-core\9.0.44\tomcat-embed-core-9.0.44.jar;C:\development\apache-maven-3.6.3\maven-repo\org\glassfish\jakarta.el\3.0.3\jakarta.el-3.0.3.jar;C:\development\apache-maven-3.6.3\maven-repo\org\apache\tomcat\embed\tomcat-embed-websocket\9.0.44\tomcat-embed-websocket-9.0.44.jar;C:\development\apache-maven-3.6.3\maven-repo\org\springframework\spring-web\5.3.5\spring-web-5.3.5.jar;C:\development\apache-maven-3.6.3\maven-repo\org\springframework\spring-beans\5.3.5\spring-beans-5.3.5.jar;C:\development\apache-maven-3.6.3\maven-repo\org\springframework\spring-webmvc\5.3.5\spring-webmvc-5.3.5.jar;C:\development\apache-maven-3.6.3\maven-repo\org\springframework\spring-aop\5.3.5\spring-aop-5.3.5.jar;C:\development\apache-maven-3.6.3\maven-repo\org\springframework\spring-expression\5.3.5\spring-expression-5.3.5.jar;C:\development\apache-maven-3.6.3\maven-repo\org\springframework\boot\spring-boot-starter-thymeleaf\2.4.4\spring-boot-starter-thymeleaf-2.4.4.jar;C:\development\apache-maven-3.6.3\maven-repo\org\thymeleaf\thymeleaf-spring5\3.0.12.RELEASE\thymeleaf-spring5-3.0.12.RELEASE.jar;C:\development\apache-maven-3.6.3\maven-repo\org\thymeleaf\thymeleaf\3.0.12.RELEASE\thymeleaf-3.0.12.RELEASE.jar;C:\development\apache-maven-3.6.3\maven-repo\org\attoparser\attoparser\2.0.5.RELEASE\attoparser-2.0.5.RELEASE.jar;C:\development\apache-maven-3.6.3\maven-repo\org\unbescape\unbescape\1.1.6.RELEASE\unbescape-1.1.6.RELEASE.jar;C:\development\apache-maven-3.6.3\maven-repo\org\slf4j\slf4j-api\1.7.30\slf4j-api-1.7.30.jar;C:\development\apache-maven-3.6.3\maven-repo\org\thymeleaf\extras\thymeleaf-extras-java8time\3.0.4.RELEASE\thymeleaf-extras-java8time-3.0.4.RELEASE.jar;C:\development\apache-maven-3.6.3\maven-repo\net\sourceforge\nekohtml\nekohtml\1.9.22\nekohtml-1.9.22.jar;C:\development\apache-maven-3.6.3\maven-repo\xerces\xercesImpl\2.11.0\xercesImpl-2.11.0.jar;C:\development\apache-maven-3.6.3\maven-repo\xml-apis\xml-apis\1.4.01\xml-apis-1.4.01.jar;C:\development\apache-maven-3.6.3\maven-repo\mysql\mysql-connector-java\5.1.47\mysql-connector-java-5.1.47.jar;C:\development\apache-maven-3.6.3\maven-repo\org\springframework\boot\spring-boot-devtools\2.4.4\spring-boot-devtools-2.4.4.jar;C:\development\apache-maven-3.6.3\maven-repo\org\springframework\boot\spring-boot-starter-cache\2.4.4\spring-boot-starter-cache-2.4.4.jar;C:\development\apache-maven-3.6.3\maven-repo\org\springframework\spring-context-support\5.3.5\spring-context-support-5.3.5.jar;C:\development\apache-maven-3.6.3\maven-repo\org\springframework\boot\spring-boot-starter-test\2.4.4\spring-boot-starter-test-2.4.4.jar;C:\development\apache-maven-3.6.3\maven-repo\org\springframework\boot\spring-boot-test\2.4.4\spring-boot-test-2.4.4.jar;C:\development\apache-maven-3.6.3\maven-repo\org\springframework\boot\spring-boot-test-autoconfigure\2.4.4\spring-boot-test-autoconfigure-2.4.4.jar;C:\development\apache-maven-3.6.3\maven-repo\com\jayway\jsonpath\json-path\2.4.0\json-path-2.4.0.jar;C:\development\apache-maven-3.6.3\maven-repo\net\minidev\json-smart\2.3\json-smart-2.3.jar;C:\development\apache-maven-3.6.3\maven-repo\net\minidev\accessors-smart\1.2\accessors-smart-1.2.jar;C:\development\apache-maven-3.6.3\maven-repo\org\ow2\asm\asm\5.0.4\asm-5.0.4.jar;C:\development\apache-maven-3.6.3\maven-repo\jakarta\xml\bind\jakarta.xml.bind-api\2.3.3\jakarta.xml.bind-api-2.3.3.jar;C:\development\apache-maven-3.6.3\maven-repo\jakarta\activation\jakarta.activation-api\1.2.2\jakarta.activation-api-1.2.2.jar;C:\development\apache-maven-3.6.3\maven-repo\org\assertj\assertj-core\3.18.1\assertj-core-3.18.1.jar;C:\development\apache-maven-3.6.3\maven-repo\org\hamcrest\hamcrest\2.2\hamcrest-2.2.jar;C:\development\apache-maven-3.6.3\maven-repo\org\junit\jupiter\junit-jupiter\5.7.1\junit-jupiter-5.7.1.jar;C:\development\apache-maven-3.6.3\maven-repo\org\junit\jupiter\junit-jupiter-api\5.7.1\junit-jupiter-api-5.7.1.jar;C:\development\apache-maven-3.6.3\maven-repo\org\apiguardian\apiguardian-api\1.1.0\apiguardian-api-1.1.0.jar;C:\development\apache-maven-3.6.3\maven-repo\org\opentest4j\opentest4j\1.2.0\opentest4j-1.2.0.jar;C:\development\apache-maven-3.6.3\maven-repo\org\junit\platform\junit-platform-commons\1.7.1\junit-platform-commons-1.7.1.jar;C:\development\apache-maven-3.6.3\maven-repo\org\junit\jupiter\junit-jupiter-params\5.7.1\junit-jupiter-params-5.7.1.jar;C:\development\apache-maven-3.6.3\maven-repo\org\junit\jupiter\junit-jupiter-engine\5.7.1\junit-jupiter-engine-5.7.1.jar;C:\development\apache-maven-3.6.3\maven-repo\org\junit\platform\junit-platform-engine\1.7.1\junit-platform-engine-1.7.1.jar;C:\development\apache-maven-3.6.3\maven-repo\org\mockito\mockito-core\3.6.28\mockito-core-3.6.28.jar;C:\development\apache-maven-3.6.3\maven-repo\net\bytebuddy\byte-buddy\1.10.22\byte-buddy-1.10.22.jar;C:\development\apache-maven-3.6.3\maven-repo\net\bytebuddy\byte-buddy-agent\1.10.22\byte-buddy-agent-1.10.22.jar;C:\development\apache-maven-3.6.3\maven-repo\org\objenesis\objenesis\3.1\objenesis-3.1.jar;C:\development\apache-maven-3.6.3\maven-repo\org\mockito\mockito-junit-jupiter\3.6.28\mockito-junit-jupiter-3.6.28.jar;C:\development\apache-maven-3.6.3\maven-repo\org\skyscreamer\jsonassert\1.5.0\jsonassert-1.5.0.jar;C:\development\apache-maven-3.6.3\maven-repo\com\vaadin\external\google\android-json\0.0.20131108.vaadin1\android-json-0.0.20131108.vaadin1.jar;C:\development\apache-maven-3.6.3\maven-repo\org\springframework\spring-test\5.3.5\spring-test-5.3.5.jar;C:\development\apache-maven-3.6.3\maven-repo\org\xmlunit\xmlunit-core\2.7.0\xmlunit-core-2.7.0.jar;C:\development\apache-maven-3.6.3\maven-repo\com\github\pagehelper\pagehelper-spring-boot-starter\1.2.12\pagehelper-spring-boot-starter-1.2.12.jar;C:\development\apache-maven-3.6.3\maven-repo\com\github\pagehelper\pagehelper-spring-boot-autoconfigure\1.2.12\pagehelper-spring-boot-autoconfigure-1.2.12.jar;C:\development\apache-maven-3.6.3\maven-repo\com\github\pagehelper\pagehelper\5.1.10\pagehelper-5.1.10.jar;C:\development\apache-maven-3.6.3\maven-repo\com\github\jsqlparser\jsqlparser\2.0\jsqlparser-2.0.jar;C:\development\apache-maven-3.6.3\maven-repo\com\vladsch\flexmark\flexmark-all\0.62.2\flexmark-all-0.62.2.jar;C:\development\apache-maven-3.6.3\maven-repo\com\vladsch\flexmark\flexmark\0.62.2\flexmark-0.62.2.jar;C:\development\apache-maven-3.6.3\maven-repo\com\vladsch\flexmark\flexmark-ext-abbreviation\0.62.2\flexmark-ext-abbreviation-0.62.2.jar;C:\development\apache-maven-3.6.3\maven-repo\com\vladsch\flexmark\flexmark-util\0.62.2\flexmark-util-0.62.2.jar;C:\development\apache-maven-3.6.3\maven-repo\com\vladsch\flexmark\flexmark-ext-admonition\0.62.2\flexmark-ext-admonition-0.62.2.jar;C:\development\apache-maven-3.6.3\maven-repo\com\vladsch\flexmark\flexmark-ext-anchorlink\0.62.2\flexmark-ext-anchorlink-0.62.2.jar;C:\development\apache-maven-3.6.3\maven-repo\com\vladsch\flexmark\flexmark-ext-aside\0.62.2\flexmark-ext-aside-0.62.2.jar;C:\development\apache-maven-3.6.3\maven-repo\com\vladsch\flexmark\flexmark-ext-attributes\0.62.2\flexmark-ext-attributes-0.62.2.jar;C:\development\apache-maven-3.6.3\maven-repo\com\vladsch\flexmark\flexmark-ext-autolink\0.62.2\flexmark-ext-autolink-0.62.2.jar;C:\development\apache-maven-3.6.3\maven-repo\org\nibor\autolink\autolink\0.6.0\autolink-0.6.0.jar;C:\development\apache-maven-3.6.3\maven-repo\com\vladsch\flexmark\flexmark-ext-definition\0.62.2\flexmark-ext-definition-0.62.2.jar;C:\development\apache-maven-3.6.3\maven-repo\com\vladsch\flexmark\flexmark-ext-emoji\0.62.2\flexmark-ext-emoji-0.62.2.jar;C:\development\apache-maven-3.6.3\maven-repo\com\vladsch\flexmark\flexmark-ext-enumerated-reference\0.62.2\flexmark-ext-enumerated-reference-0.62.2.jar;C:\development\apache-maven-3.6.3\maven-repo\com\vladsch\flexmark\flexmark-ext-escaped-character\0.62.2\flexmark-ext-escaped-character-0.62.2.jar;C:\development\apache-maven-3.6.3\maven-repo\com\vladsch\flexmark\flexmark-ext-footnotes\0.62.2\flexmark-ext-footnotes-0.62.2.jar;C:\development\apache-maven-3.6.3\maven-repo\com\vladsch\flexmark\flexmark-ext-gfm-issues\0.62.2\flexmark-ext-gfm-issues-0.62.2.jar;C:\development\apache-maven-3.6.3\maven-repo\com\vladsch\flexmark\flexmark-ext-gfm-strikethrough\0.62.2\flexmark-ext-gfm-strikethrough-0.62.2.jar;C:\development\apache-maven-3.6.3\maven-repo\com\vladsch\flexmark\flexmark-ext-gfm-tasklist\0.62.2\flexmark-ext-gfm-tasklist-0.62.2.jar;C:\development\apache-maven-3.6.3\maven-repo\com\vladsch\flexmark\flexmark-ext-gfm-users\0.62.2\flexmark-ext-gfm-users-0.62.2.jar;C:\development\apache-maven-3.6.3\maven-repo\com\vladsch\flexmark\flexmark-ext-gitlab\0.62.2\flexmark-ext-gitlab-0.62.2.jar;C:\development\apache-maven-3.6.3\maven-repo\com\vladsch\flexmark\flexmark-ext-jekyll-front-matter\0.62.2\flexmark-ext-jekyll-front-matter-0.62.2.jar;C:\development\apache-maven-3.6.3\maven-repo\com\vladsch\flexmark\flexmark-ext-jekyll-tag\0.62.2\flexmark-ext-jekyll-tag-0.62.2.jar;C:\development\apache-maven-3.6.3\maven-repo\com\vladsch\flexmark\flexmark-ext-media-tags\0.62.2\flexmark-ext-media-tags-0.62.2.jar;C:\development\apache-maven-3.6.3\maven-repo\com\vladsch\flexmark\flexmark-ext-macros\0.62.2\flexmark-ext-macros-0.62.2.jar;C:\development\apache-maven-3.6.3\maven-repo\com\vladsch\flexmark\flexmark-ext-ins\0.62.2\flexmark-ext-ins-0.62.2.jar;C:\development\apache-maven-3.6.3\maven-repo\com\vladsch\flexmark\flexmark-ext-xwiki-macros\0.62.2\flexmark-ext-xwiki-macros-0.62.2.jar;C:\development\apache-maven-3.6.3\maven-repo\com\vladsch\flexmark\flexmark-ext-superscript\0.62.2\flexmark-ext-superscript-0.62.2.jar;C:\development\apache-maven-3.6.3\maven-repo\com\vladsch\flexmark\flexmark-ext-tables\0.62.2\flexmark-ext-tables-0.62.2.jar;C:\development\apache-maven-3.6.3\maven-repo\com\vladsch\flexmark\flexmark-ext-toc\0.62.2\flexmark-ext-toc-0.62.2.jar;C:\development\apache-maven-3.6.3\maven-repo\com\vladsch\flexmark\flexmark-ext-typographic\0.62.2\flexmark-ext-typographic-0.62.2.jar;C:\development\apache-maven-3.6.3\maven-repo\com\vladsch\flexmark\flexmark-ext-wikilink\0.62.2\flexmark-ext-wikilink-0.62.2.jar;C:\development\apache-maven-3.6.3\maven-repo\com\vladsch\flexmark\flexmark-ext-yaml-front-matter\0.62.2\flexmark-ext-yaml-front-matter-0.62.2.jar;C:\development\apache-maven-3.6.3\maven-repo\com\vladsch\flexmark\flexmark-ext-youtube-embedded\0.62.2\flexmark-ext-youtube-embedded-0.62.2.jar;C:\development\apache-maven-3.6.3\maven-repo\com\vladsch\flexmark\flexmark-html2md-converter\0.62.2\flexmark-html2md-converter-0.62.2.jar;C:\development\apache-maven-3.6.3\maven-repo\org\jsoup\jsoup\1.11.3\jsoup-1.11.3.jar;C:\development\apache-maven-3.6.3\maven-repo\com\vladsch\flexmark\flexmark-jira-converter\0.62.2\flexmark-jira-converter-0.62.2.jar;C:\development\apache-maven-3.6.3\maven-repo\com\vladsch\flexmark\flexmark-pdf-converter\0.62.2\flexmark-pdf-converter-0.62.2.jar;C:\development\apache-maven-3.6.3\maven-repo\com\openhtmltopdf\openhtmltopdf-core\1.0.0\openhtmltopdf-core-1.0.0.jar;C:\development\apache-maven-3.6.3\maven-repo\com\openhtmltopdf\openhtmltopdf-pdfbox\1.0.0\openhtmltopdf-pdfbox-1.0.0.jar;C:\development\apache-maven-3.6.3\maven-repo\org\apache\pdfbox\pdfbox\2.0.16\pdfbox-2.0.16.jar;C:\development\apache-maven-3.6.3\maven-repo\org\apache\pdfbox\fontbox\2.0.16\fontbox-2.0.16.jar;C:\development\apache-maven-3.6.3\maven-repo\commons-logging\commons-logging\1.2\commons-logging-1.2.jar;C:\development\apache-maven-3.6.3\maven-repo\org\apache\pdfbox\xmpbox\2.0.16\xmpbox-2.0.16.jar;C:\development\apache-maven-3.6.3\maven-repo\de\rototor\pdfbox\graphics2d\0.24\graphics2d-0.24.jar;C:\development\apache-maven-3.6.3\maven-repo\com\openhtmltopdf\openhtmltopdf-rtl-support\1.0.0\openhtmltopdf-rtl-support-1.0.0.jar;C:\development\apache-maven-3.6.3\maven-repo\com\ibm\icu\icu4j\59.1\icu4j-59.1.jar;C:\development\apache-maven-3.6.3\maven-repo\com\openhtmltopdf\openhtmltopdf-jsoup-dom-converter\1.0.0\openhtmltopdf-jsoup-dom-converter-1.0.0.jar;C:\development\apache-maven-3.6.3\maven-repo\com\vladsch\flexmark\flexmark-profile-pegdown\0.62.2\flexmark-profile-pegdown-0.62.2.jar;C:\development\apache-maven-3.6.3\maven-repo\com\vladsch\flexmark\flexmark-util-ast\0.62.2\flexmark-util-ast-0.62.2.jar;C:\development\apache-maven-3.6.3\maven-repo\org\jetbrains\annotations\15.0\annotations-15.0.jar;C:\development\apache-maven-3.6.3\maven-repo\com\vladsch\flexmark\flexmark-util-builder\0.62.2\flexmark-util-builder-0.62.2.jar;C:\development\apache-maven-3.6.3\maven-repo\com\vladsch\flexmark\flexmark-util-collection\0.62.2\flexmark-util-collection-0.62.2.jar;C:\development\apache-maven-3.6.3\maven-repo\com\vladsch\flexmark\flexmark-util-data\0.62.2\flexmark-util-data-0.62.2.jar;C:\development\apache-maven-3.6.3\maven-repo\com\vladsch\flexmark\flexmark-util-dependency\0.62.2\flexmark-util-dependency-0.62.2.jar;C:\development\apache-maven-3.6.3\maven-repo\com\vladsch\flexmark\flexmark-util-format\0.62.2\flexmark-util-format-0.62.2.jar;C:\development\apache-maven-3.6.3\maven-repo\com\vladsch\flexmark\flexmark-util-html\0.62.2\flexmark-util-html-0.62.2.jar;C:\development\apache-maven-3.6.3\maven-repo\com\vladsch\flexmark\flexmark-util-misc\0.62.2\flexmark-util-misc-0.62.2.jar;C:\development\apache-maven-3.6.3\maven-repo\com\vladsch\flexmark\flexmark-util-options\0.62.2\flexmark-util-options-0.62.2.jar;C:\development\apache-maven-3.6.3\maven-repo\com\vladsch\flexmark\flexmark-util-sequence\0.62.2\flexmark-util-sequence-0.62.2.jar;C:\development\apache-maven-3.6.3\maven-repo\com\vladsch\flexmark\flexmark-util-visitor\0.62.2\flexmark-util-visitor-0.62.2.jar;C:\development\apache-maven-3.6.3\maven-repo\com\vladsch\flexmark\flexmark-youtrack-converter\0.62.2\flexmark-youtrack-converter-0.62.2.jar;"/>
    <property name="java.vm.vendor" value="Oracle Corporation"/>
    <property name="sun.arch.data.model" value="64"/>
    <property name="user.variant" value=""/>
    <property name="java.vendor.url" value="http://java.oracle.com/"/>
    <property name="user.timezone" value="Asia/Shanghai"/>
    <property name="java.vm.specification.version" value="1.8"/>
    <property name="os.name" value="Windows 10"/>
    <property name="user.country" value="CN"/>
    <property name="sun.java.launcher" value="SUN_STANDARD"/>
    <property name="sun.boot.library.path" value="C:\development\java\jdk1.8\jre\bin"/>
    <property name="sun.java.command" value="C:\Users\yyc\AppData\Local\Temp\surefire6795981448465542353\surefirebooter1824774979614341532.jar C:\Users\yyc\AppData\Local\Temp\surefire6795981448465542353 2021-04-18T16-00-40_941-jvmRun1 surefire513351420970576488tmp surefire_01902771042081450972tmp"/>
    <property name="surefire.test.class.path" value="C:\code\test\site\target\test-classes;C:\code\test\site\target\classes;C:\development\apache-maven-3.6.3\maven-repo\org\springframework\boot\spring-boot-starter\2.4.4\spring-boot-starter-2.4.4.jar;C:\development\apache-maven-3.6.3\maven-repo\org\springframework\boot\spring-boot\2.4.4\spring-boot-2.4.4.jar;C:\development\apache-maven-3.6.3\maven-repo\org\springframework\spring-context\5.3.5\spring-context-5.3.5.jar;C:\development\apache-maven-3.6.3\maven-repo\org\springframework\boot\spring-boot-autoconfigure\2.4.4\spring-boot-autoconfigure-2.4.4.jar;C:\development\apache-maven-3.6.3\maven-repo\org\springframework\boot\spring-boot-starter-logging\2.4.4\spring-boot-starter-logging-2.4.4.jar;C:\development\apache-maven-3.6.3\maven-repo\ch\qos\logback\logback-classic\1.2.3\logback-classic-1.2.3.jar;C:\development\apache-maven-3.6.3\maven-repo\ch\qos\logback\logback-core\1.2.3\logback-core-1.2.3.jar;C:\development\apache-maven-3.6.3\maven-repo\org\apache\logging\log4j\log4j-to-slf4j\2.13.3\log4j-to-slf4j-2.13.3.jar;C:\development\apache-maven-3.6.3\maven-repo\org\apache\logging\log4j\log4j-api\2.13.3\log4j-api-2.13.3.jar;C:\development\apache-maven-3.6.3\maven-repo\org\slf4j\jul-to-slf4j\1.7.30\jul-to-slf4j-1.7.30.jar;C:\development\apache-maven-3.6.3\maven-repo\jakarta\annotation\jakarta.annotation-api\1.3.5\jakarta.annotation-api-1.3.5.jar;C:\development\apache-maven-3.6.3\maven-repo\org\springframework\spring-core\5.3.5\spring-core-5.3.5.jar;C:\development\apache-maven-3.6.3\maven-repo\org\springframework\spring-jcl\5.3.5\spring-jcl-5.3.5.jar;C:\development\apache-maven-3.6.3\maven-repo\org\yaml\snakeyaml\1.27\snakeyaml-1.27.jar;C:\development\apache-maven-3.6.3\maven-repo\org\projectlombok\lombok\1.18.18\lombok-1.18.18.jar;C:\development\apache-maven-3.6.3\maven-repo\org\mybatis\spring\boot\mybatis-spring-boot-starter\2.1.4\mybatis-spring-boot-starter-2.1.4.jar;C:\development\apache-maven-3.6.3\maven-repo\org\springframework\boot\spring-boot-starter-jdbc\2.4.4\spring-boot-starter-jdbc-2.4.4.jar;C:\development\apache-maven-3.6.3\maven-repo\com\zaxxer\HikariCP\3.4.5\HikariCP-3.4.5.jar;C:\development\apache-maven-3.6.3\maven-repo\org\springframework\spring-jdbc\5.3.5\spring-jdbc-5.3.5.jar;C:\development\apache-maven-3.6.3\maven-repo\org\springframework\spring-tx\5.3.5\spring-tx-5.3.5.jar;C:\development\apache-maven-3.6.3\maven-repo\org\mybatis\spring\boot\mybatis-spring-boot-autoconfigure\2.1.4\mybatis-spring-boot-autoconfigure-2.1.4.jar;C:\development\apache-maven-3.6.3\maven-repo\org\mybatis\mybatis\3.5.6\mybatis-3.5.6.jar;C:\development\apache-maven-3.6.3\maven-repo\org\mybatis\mybatis-spring\2.0.6\mybatis-spring-2.0.6.jar;C:\development\apache-maven-3.6.3\maven-repo\org\springframework\boot\spring-boot-starter-web\2.4.4\spring-boot-starter-web-2.4.4.jar;C:\development\apache-maven-3.6.3\maven-repo\org\springframework\boot\spring-boot-starter-json\2.4.4\spring-boot-starter-json-2.4.4.jar;C:\development\apache-maven-3.6.3\maven-repo\com\fasterxml\jackson\core\jackson-databind\2.11.4\jackson-databind-2.11.4.jar;C:\development\apache-maven-3.6.3\maven-repo\com\fasterxml\jackson\core\jackson-annotations\2.11.4\jackson-annotations-2.11.4.jar;C:\development\apache-maven-3.6.3\maven-repo\com\fasterxml\jackson\core\jackson-core\2.11.4\jackson-core-2.11.4.jar;C:\development\apache-maven-3.6.3\maven-repo\com\fasterxml\jackson\datatype\jackson-datatype-jdk8\2.11.4\jackson-datatype-jdk8-2.11.4.jar;C:\development\apache-maven-3.6.3\maven-repo\com\fasterxml\jackson\datatype\jackson-datatype-jsr310\2.11.4\jackson-datatype-jsr310-2.11.4.jar;C:\development\apache-maven-3.6.3\maven-repo\com\fasterxml\jackson\module\jackson-module-parameter-names\2.11.4\jackson-module-parameter-names-2.11.4.jar;C:\development\apache-maven-3.6.3\maven-repo\org\springframework\boot\spring-boot-starter-tomcat\2.4.4\spring-boot-starter-tomcat-2.4.4.jar;C:\development\apache-maven-3.6.3\maven-repo\org\apache\tomcat\embed\tomcat-embed-core\9.0.44\tomcat-embed-core-9.0.44.jar;C:\development\apache-maven-3.6.3\maven-repo\org\glassfish\jakarta.el\3.0.3\jakarta.el-3.0.3.jar;C:\development\apache-maven-3.6.3\maven-repo\org\apache\tomcat\embed\tomcat-embed-websocket\9.0.44\tomcat-embed-websocket-9.0.44.jar;C:\development\apache-maven-3.6.3\maven-repo\org\springframework\spring-web\5.3.5\spring-web-5.3.5.jar;C:\development\apache-maven-3.6.3\maven-repo\org\springframework\spring-beans\5.3.5\spring-beans-5.3.5.jar;C:\development\apache-maven-3.6.3\maven-repo\org\springframework\spring-webmvc\5.3.5\spring-webmvc-5.3.5.jar;C:\development\apache-maven-3.6.3\maven-repo\org\springframework\spring-aop\5.3.5\spring-aop-5.3.5.jar;C:\development\apache-maven-3.6.3\maven-repo\org\springframework\spring-expression\5.3.5\spring-expression-5.3.5.jar;C:\development\apache-maven-3.6.3\maven-repo\org\springframework\boot\spring-boot-starter-thymeleaf\2.4.4\spring-boot-starter-thymeleaf-2.4.4.jar;C:\development\apache-maven-3.6.3\maven-repo\org\thymeleaf\thymeleaf-spring5\3.0.12.RELEASE\thymeleaf-spring5-3.0.12.RELEASE.jar;C:\development\apache-maven-3.6.3\maven-repo\org\thymeleaf\thymeleaf\3.0.12.RELEASE\thymeleaf-3.0.12.RELEASE.jar;C:\development\apache-maven-3.6.3\maven-repo\org\attoparser\attoparser\2.0.5.RELEASE\attoparser-2.0.5.RELEASE.jar;C:\development\apache-maven-3.6.3\maven-repo\org\unbescape\unbescape\1.1.6.RELEASE\unbescape-1.1.6.RELEASE.jar;C:\development\apache-maven-3.6.3\maven-repo\org\slf4j\slf4j-api\1.7.30\slf4j-api-1.7.30.jar;C:\development\apache-maven-3.6.3\maven-repo\org\thymeleaf\extras\thymeleaf-extras-java8time\3.0.4.RELEASE\thymeleaf-extras-java8time-3.0.4.RELEASE.jar;C:\development\apache-maven-3.6.3\maven-repo\net\sourceforge\nekohtml\nekohtml\1.9.22\nekohtml-1.9.22.jar;C:\development\apache-maven-3.6.3\maven-repo\xerces\xercesImpl\2.11.0\xercesImpl-2.11.0.jar;C:\development\apache-maven-3.6.3\maven-repo\xml-apis\xml-apis\1.4.01\xml-apis-1.4.01.jar;C:\development\apache-maven-3.6.3\maven-repo\mysql\mysql-connector-java\5.1.47\mysql-connector-java-5.1.47.jar;C:\development\apache-maven-3.6.3\maven-repo\org\springframework\boot\spring-boot-devtools\2.4.4\spring-boot-devtools-2.4.4.jar;C:\development\apache-maven-3.6.3\maven-repo\org\springframework\boot\spring-boot-starter-cache\2.4.4\spring-boot-starter-cache-2.4.4.jar;C:\development\apache-maven-3.6.3\maven-repo\org\springframework\spring-context-support\5.3.5\spring-context-support-5.3.5.jar;C:\development\apache-maven-3.6.3\maven-repo\org\springframework\boot\spring-boot-starter-test\2.4.4\spring-boot-starter-test-2.4.4.jar;C:\development\apache-maven-3.6.3\maven-repo\org\springframework\boot\spring-boot-test\2.4.4\spring-boot-test-2.4.4.jar;C:\development\apache-maven-3.6.3\maven-repo\org\springframework\boot\spring-boot-test-autoconfigure\2.4.4\spring-boot-test-autoconfigure-2.4.4.jar;C:\development\apache-maven-3.6.3\maven-repo\com\jayway\jsonpath\json-path\2.4.0\json-path-2.4.0.jar;C:\development\apache-maven-3.6.3\maven-repo\net\minidev\json-smart\2.3\json-smart-2.3.jar;C:\development\apache-maven-3.6.3\maven-repo\net\minidev\accessors-smart\1.2\accessors-smart-1.2.jar;C:\development\apache-maven-3.6.3\maven-repo\org\ow2\asm\asm\5.0.4\asm-5.0.4.jar;C:\development\apache-maven-3.6.3\maven-repo\jakarta\xml\bind\jakarta.xml.bind-api\2.3.3\jakarta.xml.bind-api-2.3.3.jar;C:\development\apache-maven-3.6.3\maven-repo\jakarta\activation\jakarta.activation-api\1.2.2\jakarta.activation-api-1.2.2.jar;C:\development\apache-maven-3.6.3\maven-repo\org\assertj\assertj-core\3.18.1\assertj-core-3.18.1.jar;C:\development\apache-maven-3.6.3\maven-repo\org\hamcrest\hamcrest\2.2\hamcrest-2.2.jar;C:\development\apache-maven-3.6.3\maven-repo\org\junit\jupiter\junit-jupiter\5.7.1\junit-jupiter-5.7.1.jar;C:\development\apache-maven-3.6.3\maven-repo\org\junit\jupiter\junit-jupiter-api\5.7.1\junit-jupiter-api-5.7.1.jar;C:\development\apache-maven-3.6.3\maven-repo\org\apiguardian\apiguardian-api\1.1.0\apiguardian-api-1.1.0.jar;C:\development\apache-maven-3.6.3\maven-repo\org\opentest4j\opentest4j\1.2.0\opentest4j-1.2.0.jar;C:\development\apache-maven-3.6.3\maven-repo\org\junit\platform\junit-platform-commons\1.7.1\junit-platform-commons-1.7.1.jar;C:\development\apache-maven-3.6.3\maven-repo\org\junit\jupiter\junit-jupiter-params\5.7.1\junit-jupiter-params-5.7.1.jar;C:\development\apache-maven-3.6.3\maven-repo\org\junit\jupiter\junit-jupiter-engine\5.7.1\junit-jupiter-engine-5.7.1.jar;C:\development\apache-maven-3.6.3\maven-repo\org\junit\platform\junit-platform-engine\1.7.1\junit-platform-engine-1.7.1.jar;C:\development\apache-maven-3.6.3\maven-repo\org\mockito\mockito-core\3.6.28\mockito-core-3.6.28.jar;C:\development\apache-maven-3.6.3\maven-repo\net\bytebuddy\byte-buddy\1.10.22\byte-buddy-1.10.22.jar;C:\development\apache-maven-3.6.3\maven-repo\net\bytebuddy\byte-buddy-agent\1.10.22\byte-buddy-agent-1.10.22.jar;C:\development\apache-maven-3.6.3\maven-repo\org\objenesis\objenesis\3.1\objenesis-3.1.jar;C:\development\apache-maven-3.6.3\maven-repo\org\mockito\mockito-junit-jupiter\3.6.28\mockito-junit-jupiter-3.6.28.jar;C:\development\apache-maven-3.6.3\maven-repo\org\skyscreamer\jsonassert\1.5.0\jsonassert-1.5.0.jar;C:\development\apache-maven-3.6.3\maven-repo\com\vaadin\external\google\android-json\0.0.20131108.vaadin1\android-json-0.0.20131108.vaadin1.jar;C:\development\apache-maven-3.6.3\maven-repo\org\springframework\spring-test\5.3.5\spring-test-5.3.5.jar;C:\development\apache-maven-3.6.3\maven-repo\org\xmlunit\xmlunit-core\2.7.0\xmlunit-core-2.7.0.jar;C:\development\apache-maven-3.6.3\maven-repo\com\github\pagehelper\pagehelper-spring-boot-starter\1.2.12\pagehelper-spring-boot-starter-1.2.12.jar;C:\development\apache-maven-3.6.3\maven-repo\com\github\pagehelper\pagehelper-spring-boot-autoconfigure\1.2.12\pagehelper-spring-boot-autoconfigure-1.2.12.jar;C:\development\apache-maven-3.6.3\maven-repo\com\github\pagehelper\pagehelper\5.1.10\pagehelper-5.1.10.jar;C:\development\apache-maven-3.6.3\maven-repo\com\github\jsqlparser\jsqlparser\2.0\jsqlparser-2.0.jar;C:\development\apache-maven-3.6.3\maven-repo\com\vladsch\flexmark\flexmark-all\0.62.2\flexmark-all-0.62.2.jar;C:\development\apache-maven-3.6.3\maven-repo\com\vladsch\flexmark\flexmark\0.62.2\flexmark-0.62.2.jar;C:\development\apache-maven-3.6.3\maven-repo\com\vladsch\flexmark\flexmark-ext-abbreviation\0.62.2\flexmark-ext-abbreviation-0.62.2.jar;C:\development\apache-maven-3.6.3\maven-repo\com\vladsch\flexmark\flexmark-util\0.62.2\flexmark-util-0.62.2.jar;C:\development\apache-maven-3.6.3\maven-repo\com\vladsch\flexmark\flexmark-ext-admonition\0.62.2\flexmark-ext-admonition-0.62.2.jar;C:\development\apache-maven-3.6.3\maven-repo\com\vladsch\flexmark\flexmark-ext-anchorlink\0.62.2\flexmark-ext-anchorlink-0.62.2.jar;C:\development\apache-maven-3.6.3\maven-repo\com\vladsch\flexmark\flexmark-ext-aside\0.62.2\flexmark-ext-aside-0.62.2.jar;C:\development\apache-maven-3.6.3\maven-repo\com\vladsch\flexmark\flexmark-ext-attributes\0.62.2\flexmark-ext-attributes-0.62.2.jar;C:\development\apache-maven-3.6.3\maven-repo\com\vladsch\flexmark\flexmark-ext-autolink\0.62.2\flexmark-ext-autolink-0.62.2.jar;C:\development\apache-maven-3.6.3\maven-repo\org\nibor\autolink\autolink\0.6.0\autolink-0.6.0.jar;C:\development\apache-maven-3.6.3\maven-repo\com\vladsch\flexmark\flexmark-ext-definition\0.62.2\flexmark-ext-definition-0.62.2.jar;C:\development\apache-maven-3.6.3\maven-repo\com\vladsch\flexmark\flexmark-ext-emoji\0.62.2\flexmark-ext-emoji-0.62.2.jar;C:\development\apache-maven-3.6.3\maven-repo\com\vladsch\flexmark\flexmark-ext-enumerated-reference\0.62.2\flexmark-ext-enumerated-reference-0.62.2.jar;C:\development\apache-maven-3.6.3\maven-repo\com\vladsch\flexmark\flexmark-ext-escaped-character\0.62.2\flexmark-ext-escaped-character-0.62.2.jar;C:\development\apache-maven-3.6.3\maven-repo\com\vladsch\flexmark\flexmark-ext-footnotes\0.62.2\flexmark-ext-footnotes-0.62.2.jar;C:\development\apache-maven-3.6.3\maven-repo\com\vladsch\flexmark\flexmark-ext-gfm-issues\0.62.2\flexmark-ext-gfm-issues-0.62.2.jar;C:\development\apache-maven-3.6.3\maven-repo\com\vladsch\flexmark\flexmark-ext-gfm-strikethrough\0.62.2\flexmark-ext-gfm-strikethrough-0.62.2.jar;C:\development\apache-maven-3.6.3\maven-repo\com\vladsch\flexmark\flexmark-ext-gfm-tasklist\0.62.2\flexmark-ext-gfm-tasklist-0.62.2.jar;C:\development\apache-maven-3.6.3\maven-repo\com\vladsch\flexmark\flexmark-ext-gfm-users\0.62.2\flexmark-ext-gfm-users-0.62.2.jar;C:\development\apache-maven-3.6.3\maven-repo\com\vladsch\flexmark\flexmark-ext-gitlab\0.62.2\flexmark-ext-gitlab-0.62.2.jar;C:\development\apache-maven-3.6.3\maven-repo\com\vladsch\flexmark\flexmark-ext-jekyll-front-matter\0.62.2\flexmark-ext-jekyll-front-matter-0.62.2.jar;C:\development\apache-maven-3.6.3\maven-repo\com\vladsch\flexmark\flexmark-ext-jekyll-tag\0.62.2\flexmark-ext-jekyll-tag-0.62.2.jar;C:\development\apache-maven-3.6.3\maven-repo\com\vladsch\flexmark\flexmark-ext-media-tags\0.62.2\flexmark-ext-media-tags-0.62.2.jar;C:\development\apache-maven-3.6.3\maven-repo\com\vladsch\flexmark\flexmark-ext-macros\0.62.2\flexmark-ext-macros-0.62.2.jar;C:\development\apache-maven-3.6.3\maven-repo\com\vladsch\flexmark\flexmark-ext-ins\0.62.2\flexmark-ext-ins-0.62.2.jar;C:\development\apache-maven-3.6.3\maven-repo\com\vladsch\flexmark\flexmark-ext-xwiki-macros\0.62.2\flexmark-ext-xwiki-macros-0.62.2.jar;C:\development\apache-maven-3.6.3\maven-repo\com\vladsch\flexmark\flexmark-ext-superscript\0.62.2\flexmark-ext-superscript-0.62.2.jar;C:\development\apache-maven-3.6.3\maven-repo\com\vladsch\flexmark\flexmark-ext-tables\0.62.2\flexmark-ext-tables-0.62.2.jar;C:\development\apache-maven-3.6.3\maven-repo\com\vladsch\flexmark\flexmark-ext-toc\0.62.2\flexmark-ext-toc-0.62.2.jar;C:\development\apache-maven-3.6.3\maven-repo\com\vladsch\flexmark\flexmark-ext-typographic\0.62.2\flexmark-ext-typographic-0.62.2.jar;C:\development\apache-maven-3.6.3\maven-repo\com\vladsch\flexmark\flexmark-ext-wikilink\0.62.2\flexmark-ext-wikilink-0.62.2.jar;C:\development\apache-maven-3.6.3\maven-repo\com\vladsch\flexmark\flexmark-ext-yaml-front-matter\0.62.2\flexmark-ext-yaml-front-matter-0.62.2.jar;C:\development\apache-maven-3.6.3\maven-repo\com\vladsch\flexmark\flexmark-ext-youtube-embedded\0.62.2\flexmark-ext-youtube-embedded-0.62.2.jar;C:\development\apache-maven-3.6.3\maven-repo\com\vladsch\flexmark\flexmark-html2md-converter\0.62.2\flexmark-html2md-converter-0.62.2.jar;C:\development\apache-maven-3.6.3\maven-repo\org\jsoup\jsoup\1.11.3\jsoup-1.11.3.jar;C:\development\apache-maven-3.6.3\maven-repo\com\vladsch\flexmark\flexmark-jira-converter\0.62.2\flexmark-jira-converter-0.62.2.jar;C:\development\apache-maven-3.6.3\maven-repo\com\vladsch\flexmark\flexmark-pdf-converter\0.62.2\flexmark-pdf-converter-0.62.2.jar;C:\development\apache-maven-3.6.3\maven-repo\com\openhtmltopdf\openhtmltopdf-core\1.0.0\openhtmltopdf-core-1.0.0.jar;C:\development\apache-maven-3.6.3\maven-repo\com\openhtmltopdf\openhtmltopdf-pdfbox\1.0.0\openhtmltopdf-pdfbox-1.0.0.jar;C:\development\apache-maven-3.6.3\maven-repo\org\apache\pdfbox\pdfbox\2.0.16\pdfbox-2.0.16.jar;C:\development\apache-maven-3.6.3\maven-repo\org\apache\pdfbox\fontbox\2.0.16\fontbox-2.0.16.jar;C:\development\apache-maven-3.6.3\maven-repo\commons-logging\commons-logging\1.2\commons-logging-1.2.jar;C:\development\apache-maven-3.6.3\maven-repo\org\apache\pdfbox\xmpbox\2.0.16\xmpbox-2.0.16.jar;C:\development\apache-maven-3.6.3\maven-repo\de\rototor\pdfbox\graphics2d\0.24\graphics2d-0.24.jar;C:\development\apache-maven-3.6.3\maven-repo\com\openhtmltopdf\openhtmltopdf-rtl-support\1.0.0\openhtmltopdf-rtl-support-1.0.0.jar;C:\development\apache-maven-3.6.3\maven-repo\com\ibm\icu\icu4j\59.1\icu4j-59.1.jar;C:\development\apache-maven-3.6.3\maven-repo\com\openhtmltopdf\openhtmltopdf-jsoup-dom-converter\1.0.0\openhtmltopdf-jsoup-dom-converter-1.0.0.jar;C:\development\apache-maven-3.6.3\maven-repo\com\vladsch\flexmark\flexmark-profile-pegdown\0.62.2\flexmark-profile-pegdown-0.62.2.jar;C:\development\apache-maven-3.6.3\maven-repo\com\vladsch\flexmark\flexmark-util-ast\0.62.2\flexmark-util-ast-0.62.2.jar;C:\development\apache-maven-3.6.3\maven-repo\org\jetbrains\annotations\15.0\annotations-15.0.jar;C:\development\apache-maven-3.6.3\maven-repo\com\vladsch\flexmark\flexmark-util-builder\0.62.2\flexmark-util-builder-0.62.2.jar;C:\development\apache-maven-3.6.3\maven-repo\com\vladsch\flexmark\flexmark-util-collection\0.62.2\flexmark-util-collection-0.62.2.jar;C:\development\apache-maven-3.6.3\maven-repo\com\vladsch\flexmark\flexmark-util-data\0.62.2\flexmark-util-data-0.62.2.jar;C:\development\apache-maven-3.6.3\maven-repo\com\vladsch\flexmark\flexmark-util-dependency\0.62.2\flexmark-util-dependency-0.62.2.jar;C:\development\apache-maven-3.6.3\maven-repo\com\vladsch\flexmark\flexmark-util-format\0.62.2\flexmark-util-format-0.62.2.jar;C:\development\apache-maven-3.6.3\maven-repo\com\vladsch\flexmark\flexmark-util-html\0.62.2\flexmark-util-html-0.62.2.jar;C:\development\apache-maven-3.6.3\maven-repo\com\vladsch\flexmark\flexmark-util-misc\0.62.2\flexmark-util-misc-0.62.2.jar;C:\development\apache-maven-3.6.3\maven-repo\com\vladsch\flexmark\flexmark-util-options\0.62.2\flexmark-util-options-0.62.2.jar;C:\development\apache-maven-3.6.3\maven-repo\com\vladsch\flexmark\flexmark-util-sequence\0.62.2\flexmark-util-sequence-0.62.2.jar;C:\development\apache-maven-3.6.3\maven-repo\com\vladsch\flexmark\flexmark-util-visitor\0.62.2\flexmark-util-visitor-0.62.2.jar;C:\development\apache-maven-3.6.3\maven-repo\com\vladsch\flexmark\flexmark-youtrack-converter\0.62.2\flexmark-youtrack-converter-0.62.2.jar;"/>
    <property name="sun.cpu.endian" value="little"/>
    <property name="user.home" value="C:\Users\yyc"/>
    <property name="user.language" value="zh"/>
    <property name="java.specification.vendor" value="Oracle Corporation"/>
    <property name="java.home" value="C:\development\java\jdk1.8\jre"/>
    <property name="basedir" value="C:\code\test\site"/>
    <property name="file.separator" value="\"/>
    <property name="line.separator" value="&#10;"/>
    <property name="java.vm.specification.vendor" value="Oracle Corporation"/>
    <property name="java.specification.name" value="Java Platform API Specification"/>
    <property name="java.awt.graphicsenv" value="sun.awt.Win32GraphicsEnvironment"/>
    <property name="surefire.real.class.path" value="C:\Users\yyc\AppData\Local\Temp\surefire6795981448465542353\surefirebooter1824774979614341532.jar"/>
    <property name="sun.boot.class.path" value="C:\development\java\jdk1.8\jre\lib\resources.jar;C:\development\java\jdk1.8\jre\lib\rt.jar;C:\development\java\jdk1.8\jre\lib\sunrsasign.jar;C:\development\java\jdk1.8\jre\lib\jsse.jar;C:\development\java\jdk1.8\jre\lib\jce.jar;C:\development\java\jdk1.8\jre\lib\charsets.jar;C:\development\java\jdk1.8\jre\lib\jfr.jar;C:\development\java\jdk1.8\jre\classes"/>
    <property name="user.script" value=""/>
    <property name="sun.management.compiler" value="HotSpot 64-Bit Tiered Compilers"/>
    <property name="java.runtime.version" value="1.8.0_281-b09"/>
    <property name="user.name" value="yyc"/>
    <property name="path.separator" value=";"/>
    <property name="os.version" value="10.0"/>
    <property name="java.endorsed.dirs" value="C:\development\java\jdk1.8\jre\lib\endorsed"/>
    <property name="java.runtime.name" value="Java(TM) SE Runtime Environment"/>
    <property name="file.encoding" value="GBK"/>
    <property name="java.vm.name" value="Java HotSpot(TM) 64-Bit Server VM"/>
    <property name="localRepository" value="C:\development\apache-maven-3.6.3\maven-repo"/>
    <property name="java.vendor.url.bug" value="http://bugreport.sun.com/bugreport/"/>
    <property name="java.io.tmpdir" value="C:\Users\yyc\AppData\Local\Temp\"/>
    <property name="idea.version" value="2020.3.2"/>
    <property name="java.version" value="1.8.0_281"/>
    <property name="user.dir" value="C:\code\test\site"/>
    <property name="os.arch" value="amd64"/>
    <property name="java.vm.specification.name" value="Java Virtual Machine Specification"/>
    <property name="java.awt.printerjob" value="sun.awt.windows.WPrinterJob"/>
    <property name="sun.os.patch.level" value=""/>
    <property name="java.library.path" value="C:\development\java\jdk1.8\jre\bin;C:\Windows\Sun\Java\bin;C:\Windows\system32;C:\Windows;C:\soft\Xlpd 6\;C:\soft\Xmanager 6\;C:\Program Files (x86)\Common Files\Oracle\Java\javapath;C:\edge\mysql-8.0.23-winx64\bin;C:\Program Files\Python37\Scripts\;C:\Program Files\Python37\;C:\Windows\system32;C:\Windows;C:\Windows\System32\Wbem;C:\Windows\System32\WindowsPowerShell\v1.0\;C:\Windows\System32\OpenSSH\;C:\Program Files\nodejs\node_global;C:\development\git\Git\cmd;C:\development\java\jdk1.8\bin;C:\development\java\jdk1.8\jre\bin;C:\development\apache-maven-3.6.3\bin;C:\edge\mysql-5.6.51-winx64\bin;C:\Program Files\dotnet\;C:\development\nodejs\;C:\Program Files\Docker\Docker\resources\bin;C:\ProgramData\DockerDesktop\version-bin;C:\Users\yyc\AppData\Local\Microsoft\WindowsApps;C:\development\Microsoft VS Code\bin;C:\development\PhpStorm 2020.3.1\bin;;C:\edge\mysql-8.0.23-winx64\bin;;C:\soft\IntelliJ IDEA 2020.3.2\bin;;C:\Users\yyc\.dotnet\tools;C:\Users\yyc\AppData\Roaming\npm;."/>
    <property name="java.vm.info" value="mixed mode"/>
    <property name="java.vendor" value="Oracle Corporation"/>
    <property name="java.vm.version" value="25.281-b09"/>
    <property name="java.ext.dirs" value="C:\development\java\jdk1.8\jre\lib\ext;C:\Windows\Sun\Java\lib\ext"/>
    <property name="sun.io.unicode.encoding" value="UnicodeLittle"/>
    <property name="java.class.version" value="52.0"/>
  </properties>
  <testcase name="contextLoads" classname="com.learn.site.SiteApplicationTests" time="0.483"/>
</testsuite>